  programme_hote.cpp
  This version of the OpenCL Host API C++ bindings is deprecated, please use cl2.hpp instead.
  cl_version.h: CL_TARGET_OPENCL_VERSION is not defined. Defaulting to 220 (OpenCL 2.2)
programme_hote.obj : error LNK2019: unresolved external symbol clGetPlatformIDs referenced in function "public: static int __cdecl cl::Platform::get(class std::vector<class cl::Platform,class std::allocator<class cl::Platform> > *)" (?get@Platform@cl@@SAHPEAV?$vector@VPlatform@cl@@V?$allocator@VPlatform@cl@@@std@@@std@@@Z)
programme_hote.obj : error LNK2019: unresolved external symbol clGetPlatformInfo referenced in function "unsigned int __cdecl cl::detail::getPlatformVersion(struct _cl_platform_id *)" (?getPlatformVersion@detail@cl@@YAIPEAU_cl_platform_id@@@Z)
programme_hote.obj : error LNK2019: unresolved external symbol clGetDeviceIDs referenced in function "public: int __cdecl cl::Platform::getDevices(unsigned __int64,class std::vector<class cl::Device,class std::allocator<class cl::Device> > *)const " (?getDevices@Platform@cl@@QEBAH_KPEAV?$vector@VDevice@cl@@V?$allocator@VDevice@cl@@@std@@@std@@@Z)
programme_hote.obj : error LNK2019: unresolved external symbol clGetDeviceInfo referenced in function "class cl::Device * __cdecl std::_Copy_unchecked<struct _cl_device_id * *,class cl::Device *>(struct _cl_device_id * *,struct _cl_device_id * *,class cl::Device *)" (??$_Copy_unchecked@PEAPEAU_cl_device_id@@PEAVDevice@cl@@@std@@YAPEAVDevice@cl@@PEAPEAU_cl_device_id@@0PEAV12@@Z)
programme_hote.obj : error LNK2019: unresolved external symbol clRetainDevice referenced in function main
programme_hote.obj : error LNK2019: unresolved external symbol clReleaseDevice referenced in function "class cl::Device * __cdecl std::_Copy_unchecked<struct _cl_device_id * *,class cl::Device *>(struct _cl_device_id * *,struct _cl_device_id * *,class cl::Device *)" (??$_Copy_unchecked@PEAPEAU_cl_device_id@@PEAVDevice@cl@@@std@@YAPEAVDevice@cl@@PEAPEAU_cl_device_id@@0PEAV12@@Z)
programme_hote.obj : error LNK2019: unresolved external symbol clCreateContext referenced in function main
programme_hote.obj : error LNK2019: unresolved external symbol clRetainContext referenced in function main
programme_hote.obj : error LNK2019: unresolved external symbol clReleaseContext referenced in function "public: __cdecl cl::detail::Wrapper<struct _cl_context *>::~Wrapper<struct _cl_context *>(void)" (??1?$Wrapper@PEAU_cl_context@@@detail@cl@@QEAA@XZ)
programme_hote.obj : error LNK2019: unresolved external symbol clRetainCommandQueue referenced in function main
programme_hote.obj : error LNK2019: unresolved external symbol clReleaseCommandQueue referenced in function "public: __cdecl cl::detail::Wrapper<struct _cl_command_queue *>::~Wrapper<struct _cl_command_queue *>(void)" (??1?$Wrapper@PEAU_cl_command_queue@@@detail@cl@@QEAA@XZ)
programme_hote.obj : error LNK2019: unresolved external symbol clCreateBuffer referenced in function "void __cdecl test_GPU(class cl::Program,class cl::CommandQueue,class cl::Context)" (?test_GPU@@YAXVProgram@cl@@VCommandQueue@2@VContext@2@@Z)
programme_hote.obj : error LNK2019: unresolved external symbol clReleaseMemObject referenced in function "public: __cdecl cl::Buffer::~Buffer(void)" (??1Buffer@cl@@QEAA@XZ)
programme_hote.obj : error LNK2019: unresolved external symbol clCreateProgramWithSource referenced in function "class cl::Program __cdecl creationProgramme(class std::basic_string<char,struct std::char_traits<char>,class std::allocator<char> >,class cl::Context)" (?creationProgramme@@YA?AVProgram@cl@@V?$basic_string@DU?$char_traits@D@std@@V?$allocator@D@2@@std@@VContext@2@@Z)
programme_hote.obj : error LNK2019: unresolved external symbol clRetainProgram referenced in function main
programme_hote.obj : error LNK2019: unresolved external symbol clReleaseProgram referenced in function "public: __cdecl cl::detail::Wrapper<struct _cl_program *>::~Wrapper<struct _cl_program *>(void)" (??1?$Wrapper@PEAU_cl_program@@@detail@cl@@QEAA@XZ)
programme_hote.obj : error LNK2019: unresolved external symbol clBuildProgram referenced in function main
programme_hote.obj : error LNK2019: unresolved external symbol clGetProgramBuildInfo referenced in function "public: class std::basic_string<char,struct std::char_traits<char>,class std::allocator<char> > __cdecl cl::Program::getBuildInfo<4483>(class cl::Device const &,int *)const " (??$getBuildInfo@$0BBID@@Program@cl@@QEBA?AV?$basic_string@DU?$char_traits@D@std@@V?$allocator@D@2@@std@@AEBVDevice@1@PEAH@Z)
programme_hote.obj : error LNK2019: unresolved external symbol clCreateKernel referenced in function "void __cdecl test_GPU(class cl::Program,class cl::CommandQueue,class cl::Context)" (?test_GPU@@YAXVProgram@cl@@VCommandQueue@2@VContext@2@@Z)
programme_hote.obj : error LNK2019: unresolved external symbol clReleaseKernel referenced in function "public: __cdecl cl::detail::Wrapper<struct _cl_kernel *>::~Wrapper<struct _cl_kernel *>(void)" (??1?$Wrapper@PEAU_cl_kernel@@@detail@cl@@QEAA@XZ)
programme_hote.obj : error LNK2019: unresolved external symbol clSetKernelArg referenced in function "void __cdecl test_GPU(class cl::Program,class cl::CommandQueue,class cl::Context)" (?test_GPU@@YAXVProgram@cl@@VCommandQueue@2@VContext@2@@Z)
programme_hote.obj : error LNK2001: unresolved external symbol clReleaseEvent
programme_hote.obj : error LNK2019: unresolved external symbol clEnqueueReadBuffer referenced in function "void __cdecl test_GPU(class cl::Program,class cl::CommandQueue,class cl::Context)" (?test_GPU@@YAXVProgram@cl@@VCommandQueue@2@VContext@2@@Z)
programme_hote.obj : error LNK2019: unresolved external symbol clEnqueueWriteBuffer referenced in function "void __cdecl test_GPU(class cl::Program,class cl::CommandQueue,class cl::Context)" (?test_GPU@@YAXVProgram@cl@@VCommandQueue@2@VContext@2@@Z)
programme_hote.obj : error LNK2019: unresolved external symbol clEnqueueNDRangeKernel referenced in function "void __cdecl test_GPU(class cl::Program,class cl::CommandQueue,class cl::Context)" (?test_GPU@@YAXVProgram@cl@@VCommandQueue@2@VContext@2@@Z)
programme_hote.obj : error LNK2019: unresolved external symbol clCreateCommandQueue referenced in function main
D:\Programs\vcpkg\installed\x86-windows\lib\OpenCL.lib : warning LNK4272: library machine type 'x86' conflicts with target machine type 'x64'
C:\Users\romai\Documents\Cours\M2\Programmation-Haute-Performance\OpenCL\ex1\x64\Release\OpenCL-Ex1.exe : fatal error LNK1120: 26 unresolved externals
